<?xml version="1.0" encoding="UTF-8"?>
<testng-results ignored="0" total="1" passed="1" failed="0" skipped="0">
  <reporter-output>
  </reporter-output>
  <suite started-at="2023-12-27T12:17:08 IST" name="Default suite" finished-at="2023-12-27T12:17:08 IST" duration-ms="44">
    <groups>
    </groups>
    <test started-at="2023-12-27T12:17:08 IST" name="Default test" finished-at="2023-12-27T12:17:08 IST" duration-ms="44">
      <class name="testscripts.MavenParameter">
        <test-method signature="mavenParameter()[pri:0, instance:testscripts.MavenParameter@2a798d51]" started-at="2023-12-27T12:17:08 IST" name="mavenParameter" finished-at="2023-12-27T12:17:08 IST" duration-ms="9" status="PASS">
          <reporter-output>
          </reporter-output>
        </test-method> <!-- mavenParameter -->
      </class> <!-- testscripts.MavenParameter -->
    </test> <!-- Default test -->
  </suite> <!-- Default suite -->
</testng-results>
