<?xml version="1.0" encoding="UTF-8"?>
<testng-results ignored="0" total="1" passed="1" failed="0" skipped="0">
  <reporter-output>
  </reporter-output>
  <suite started-at="2023-12-27T12:18:41 IST" name="Surefire suite" finished-at="2023-12-27T12:18:41 IST" duration-ms="33">
    <groups>
    </groups>
    <test started-at="2023-12-27T12:18:41 IST" name="Surefire test" finished-at="2023-12-27T12:18:41 IST" duration-ms="33">
      <class name="testscripts.MavenParameter">
        <test-method signature="mavenParameter()[pri:0, instance:testscripts.MavenParameter@7a52f2a2]" started-at="2023-12-27T12:18:41 IST" name="mavenParameter" finished-at="2023-12-27T12:18:41 IST" duration-ms="5" status="PASS">
          <reporter-output>
          </reporter-output>
        </test-method> <!-- mavenParameter -->
      </class> <!-- testscripts.MavenParameter -->
    </test> <!-- Surefire test -->
  </suite> <!-- Surefire suite -->
</testng-results>
